2019/10/19 17:03:44 kid1| Set Current Directory to /var/cache/squid
2019/10/19 17:03:44 kid1| Starting Squid Cache version 3.5.28 for x86_64-unknown-cygwin...
2019/10/19 17:03:44 kid1| Service Name: squid
2019/10/19 17:03:44 kid1| Process ID 11024
2019/10/19 17:03:44 kid1| Process Roles: worker
2019/10/19 17:03:44 kid1| With 3200 file descriptors available
2019/10/19 17:03:44 kid1| Initializing IP Cache...
2019/10/19 17:03:44 kid1| parseEtcHosts: /etc/hosts: (2) No such file or directory
2019/10/19 17:03:44 kid1| DNS Socket created at [::], FD 5
2019/10/19 17:03:44 kid1| DNS Socket created at 0.0.0.0, FD 6
2019/10/19 17:03:44 kid1| Adding nameserver 8.8.8.8 from squid.conf
2019/10/19 17:03:44 kid1| Adding nameserver 208.67.222.222 from squid.conf
2019/10/19 17:03:45 kid1| Logfile: opening log daemon:/var/log/squid/access.log
2019/10/19 17:03:45 kid1| Logfile Daemon: opening log /var/log/squid/access.log
2019/10/19 17:03:45 kid1| WARNING: no_suid: setuid(0): (22) Invalid argument
2019/10/19 17:03:45 kid1| Store logging disabled
2019/10/19 17:03:45 kid1| Swap maxSize 0 + 262144 KB, estimated 20164 objects
2019/10/19 17:03:45 kid1| Target number of buckets: 1008
2019/10/19 17:03:45 kid1| Using 8192 Store buckets
2019/10/19 17:03:45 kid1| Max Mem  size: 262144 KB
2019/10/19 17:03:45 kid1| Max Swap size: 0 KB
2019/10/19 17:03:45 kid1| Using Least Load store dir selection
2019/10/19 17:03:45 kid1| Set Current Directory to /var/cache/squid
2019/10/19 17:03:45 kid1| Finished loading MIME types and icons.
2019/10/19 17:03:45 kid1| HTCP Disabled.
2019/10/19 17:03:45 kid1| Squid plugin modules loaded: 0
2019/10/19 17:03:45 kid1| Adaptation support is off.
2019/10/19 17:03:45 kid1| Accepting HTTP Socket connections at local=[::]:3128 remote=[::] FD 10 flags=9
2019/10/19 17:03:46 kid1| storeLateRelease: released 0 objects
